<?xml version="1.0" encoding="UTF-8"?>
<testsuite xmlns:xsi="http://www.w3.org/2001/XMLSchema-instance" xsi:noNamespaceSchemaLocation="https://maven.apache.org/surefire/maven-surefire-plugin/xsd/surefire-test-report.xsd" version="3.0.2" name="com.employee.automation.AppTest" time="23.768" tests="1" errors="0" skipped="0" failures="0">
  <properties>
[...]
</properties>
  <testcase name="testEmployeeManagement" classname="com.employee.automation.AppTest" time="7.998">
    <system-out><![CDATA[Starting frontend server automatically...
[LOG HISTORY CLEARED FOR THIS TEST RUN]
[OPERATION LOGGED] Navigate to Homepage - Status: SUCCESS - Details: Opened React app homepage successfully
[OPERATION LOGGED] Admin Login - Status: SUCCESS - Details: Logged in as admin@admin.com
[OPERATION LOGGED] Add Employee - Status: SUCCESS - Details: Added employee: Build Tester 76778 (IT)
[OPERATION LOGGED] Close Browser - Status: SUCCESS - Details: Selenium test finished and browser closed
]]></system-out>
    <system-err><![CDATA[Warning: Frontend server did not start within 15 seconds. Test might fail.
SLF4J(W): No SLF4J providers were found.
SLF4J(W): Defaulting to no-operation (NOP) logger implementation
SLF4J(W): See https://www.slf4j.org/codes.html#noProviders for further details.
Jul 18, 2026 4:46:15 PM org.openqa.selenium.devtools.CdpVersionFinder findNearestMatch
WARNING: Unable to find an exact match for CDP version 150, returning the closest version; found: 149; Please update to a Selenium version that supports CDP version 150
]]></system-err>
  </testcase>
</testsuite>